<?xml version="1.0" encoding="utf-8"?><testsuites name="pytest tests"><testsuite name="pytest" errors="0" failures="0" skipped="0" tests="11" time="4.409" timestamp="2026-07-29T09:02:37.149163+00:00" hostname="agent-env-daee1356-2a05-44c6-9634-97b532374730"><testcase classname="tests.test_deposit_attempts_and_manual" name="test_fresh_utr_deposit_succeeds" time="1.335" /><testcase classname="tests.test_deposit_attempts_and_manual" name="test_duplicate_utr_same_user" time="0.980" /><testcase classname="tests.test_deposit_attempts_and_manual" name="test_duplicate_utr_cross_user" time="0.409" /><testcase classname="tests.test_deposit_attempts_and_manual" name="test_deposit_attempts_sorted_desc" time="0.048" /><testcase classname="tests.test_deposit_attempts_and_manual" name="test_deposit_attempts_requires_admin" time="0.051" /><testcase classname="tests.test_deposit_attempts_and_manual" name="test_manual_credit_credits_user" time="0.260" /><testcase classname="tests.test_deposit_attempts_and_manual" name="test_manual_credit_unknown_email" time="0.043" /><testcase classname="tests.test_deposit_attempts_and_manual" name="test_manual_credit_admin_target" time="0.082" /><testcase classname="tests.test_deposit_attempts_and_manual" name="test_manual_credit_non_admin" time="0.042" /><testcase classname="tests.test_deposit_attempts_and_manual" name="test_regression_approve_pending" time="0.251" /><testcase classname="tests.test_deposit_attempts_and_manual" name="test_regression_reject_filter" time="0.384" /></testsuite></testsuites>