<?xml version="1.0" encoding="utf-8"?><testsuites name="pytest tests"><testsuite name="pytest" errors="0" failures="0" skipped="0" tests="23" time="11.349" timestamp="2026-07-29T07:51:04.019279+00:00" hostname="agent-env-daee1356-2a05-44c6-9634-97b532374730"><testcase classname="tests.backend_test" name="test_health" time="0.145" /><testcase classname="tests.backend_test" name="test_register_signup_bonus_and_me" time="0.321" /><testcase classname="tests.backend_test" name="test_login_wrong_password" time="0.269" /><testcase classname="tests.backend_test" name="test_login_correct" time="0.278" /><testcase classname="tests.backend_test" name="test_admin_login" time="0.276" /><testcase classname="tests.backend_test" name="test_wallet_balance_and_txn" time="0.094" /><testcase classname="tests.backend_test" name="test_upi_admin_create_and_list" time="0.156" /><testcase classname="tests.backend_test" name="test_deposit_flow_duplicate_and_approve" time="0.281" /><testcase classname="tests.backend_test" name="test_withdraw_min_and_insufficient_and_reject_refund" time="0.314" /><testcase classname="tests.backend_test" name="test_withdraw_approve_paid_no_refund" time="0.216" /><testcase classname="tests.backend_test" name="test_referrals_credit" time="0.812" /><testcase classname="tests.backend_test" name="test_daily_bonus_once" time="0.358" /><testcase classname="tests.backend_test" name="test_game_state" time="0.046" /><testcase classname="tests.backend_test" name="test_game_bet_and_cashout_or_lost" time="6.417" /><testcase classname="tests.backend_test" name="test_game_history" time="0.046" /><testcase classname="tests.backend_test" name="test_leaderboard[daily]" time="0.050" /><testcase classname="tests.backend_test" name="test_leaderboard[weekly]" time="0.045" /><testcase classname="tests.backend_test" name="test_leaderboard[all]" time="0.047" /><testcase classname="tests.backend_test" name="test_chat" time="0.094" /><testcase classname="tests.backend_test" name="test_admin_dashboard" time="0.049" /><testcase classname="tests.backend_test" name="test_admin_block_unblock_and_adjust" time="0.582" /><testcase classname="tests.backend_test" name="test_admin_game_pause_resume" time="0.093" /><testcase classname="tests.backend_test" name="test_non_admin_forbidden" time="0.226" /></testsuite></testsuites>