<?xml version="1.0" encoding="utf-8"?><testsuites name="pytest tests"><testsuite name="pytest" errors="0" failures="0" skipped="0" tests="15" time="92.420" timestamp="2026-07-30T07:28:17.040736+00:00" hostname="agent-env-daee1356-2a05-44c6-9634-97b532374730"><testcase classname="tests.test_roulette.TestValidation" name="test_invalid_bet_type_foo" time="1.537" /><testcase classname="tests.test_roulette.TestBetPlacement" name="test_place_red_bet_debits" time="1.831" /><testcase classname="tests.test_roulette.TestValidation" name="test_invalid_bet_type_straight_99" time="0.209" /><testcase classname="tests.test_roulette.TestValidation" name="test_invalid_bet_type_straight_neg" time="0.234" /><testcase classname="tests.test_roulette.TestBetPlacement" name="test_insufficient_balance" time="0.342" /><testcase classname="tests.test_roulette.TestValidation" name="test_min_bet_rejected" time="0.220" /><testcase classname="tests.test_roulette.TestHistory" name="test_history_endpoint" time="0.102" /><testcase classname="tests.test_roulette.TestRegression" name="test_game_state_still_works" time="0.137" /><testcase classname="tests.test_roulette.TestHistory" name="test_history_colors_correct" time="25.268" /><testcase classname="tests.test_roulette.TestRegression" name="test_auth_me_still_works" time="0.100" /><testcase classname="tests.test_roulette.TestAuth" name="test_bet_requires_auth" time="0.087" /><testcase classname="tests.test_roulette.TestTiming" name="test_betting_phase_duration" time="47.038" /><testcase classname="tests.test_roulette.TestState" name="test_state_shape_and_wheel_order" time="0.087" /><testcase classname="tests.test_roulette.TestBettingClosed" name="test_bet_rejected_during_spinning" time="22.376" /><testcase classname="tests.test_roulette.TestFullRound" name="test_full_round_settlement" time="42.367" /></testsuite></testsuites>