<?xml version="1.0" encoding="utf-8"?><testsuites name="pytest tests"><testsuite name="pytest" errors="0" failures="0" skipped="0" tests="7" time="3.012" timestamp="2026-07-31T18:52:53.267039+00:00" hostname="agent-env-daee1356-2a05-44c6-9634-97b532374730"><testcase classname="tests.test_session_invalidation" name="test_register_returns_sid_and_me_works" time="0.402" /><testcase classname="tests.test_session_invalidation" name="test_duplicate_register_rejected" time="0.325" /><testcase classname="tests.test_session_invalidation" name="test_user_second_login_invalidates_first_token" time="0.699" /><testcase classname="tests.test_session_invalidation" name="test_admin_second_login_invalidates_first_on_admin_routes" time="0.741" /><testcase classname="tests.test_session_invalidation" name="test_admin_game_config_bias_and_status" time="0.095" /><testcase classname="tests.test_session_invalidation" name="test_admin_games_toggle_roulette" time="0.100" /><testcase classname="tests.test_session_invalidation" name="test_zzz_reset_state" time="0.140" /></testsuite></testsuites>