<?xml version="1.0" encoding="utf-8"?><testsuites name="pytest tests"><testsuite name="pytest" errors="0" failures="0" skipped="0" tests="23" time="7.123" timestamp="2026-07-29T11:10:21.240803+00:00" hostname="agent-env-daee1356-2a05-44c6-9634-97b532374730"><testcase classname="tests.test_support.TestDownload" name="test_download_via_bearer" time="1.424" /><testcase classname="tests.test_support.TestDownload" name="test_download_via_query_auth" time="1.007" /><testcase classname="tests.test_support.TestAdminTickets" name="test_admin_list_all" time="2.396" /><testcase classname="tests.test_support.TestAdminTickets" name="test_admin_list_status_filter" time="0.051" /><testcase classname="tests.test_support.TestAdminTickets" name="test_admin_list_forbidden_for_user" time="0.258" /><testcase classname="tests.test_support.TestDownload" name="test_download_forbidden_for_other_user" time="0.626" /><testcase classname="tests.test_support.TestAdminTickets" name="test_admin_patch_ticket" time="0.323" /><testcase classname="tests.test_support.TestAdminTickets" name="test_admin_patch_invalid_status" time="0.052" /><testcase classname="tests.test_support.TestAdminTickets" name="test_admin_patch_unknown_ticket_404" time="0.254" /><testcase classname="tests.test_support.TestDownload" name="test_download_admin_can_view" time="0.885" /><testcase classname="tests.test_support.TestAdminTickets" name="test_admin_patch_forbidden_for_user" time="0.449" /><testcase classname="tests.test_support.TestAdminTickets" name="test_user_sees_admin_reply_in_mine" time="0.121" /><testcase classname="tests.test_support.TestTickets" name="test_create_ticket_with_screenshot" time="0.952" /><testcase classname="tests.test_support.TestDownload" name="test_download_unknown_id_404" time="0.504" /><testcase classname="tests.test_support.TestDownload" name="test_download_requires_auth" time="0.449" /><testcase classname="tests.test_support.TestTickets" name="test_create_ticket_no_screenshot" time="0.051" /><testcase classname="tests.test_support.TestUpload" name="test_upload_requires_auth" time="0.087" /><testcase classname="tests.test_support.TestUpload" name="test_upload_valid_png" time="0.682" /><testcase classname="tests.test_support.TestUpload" name="test_upload_rejects_non_image" time="0.043" /><testcase classname="tests.test_support.TestTickets" name="test_create_ticket_rejects_foreign_screenshot" time="1.510" /><testcase classname="tests.test_support.TestUpload" name="test_upload_rejects_oversize" time="0.638" /><testcase classname="tests.test_support.TestTickets" name="test_tickets_mine_only_returns_own_sorted_desc" time="0.051" /><testcase classname="tests.test_support.TestTickets" name="test_tickets_mine_requires_auth" time="0.053" /></testsuite></testsuites>