<?xml version="1.0" encoding="utf-8"?><testsuites name="pytest tests"><testsuite name="pytest" errors="0" failures="0" skipped="0" tests="10" time="11.837" timestamp="2026-07-29T10:38:47.407614+00:00" hostname="agent-env-daee1356-2a05-44c6-9634-97b532374730"><testcase classname="tests.test_temp_password" name="test_admin_generate_temp_password_success" time="1.120" /><testcase classname="tests.test_temp_password" name="test_admin_generate_temp_password_on_admin_returns_400" time="0.232" /><testcase classname="tests.test_temp_password" name="test_admin_generate_temp_password_non_admin_forbidden" time="0.426" /><testcase classname="tests.test_temp_password" name="test_admin_generate_temp_password_unknown_user_404" time="0.136" /><testcase classname="tests.test_temp_password" name="test_login_with_temp_password_success_and_must_change" time="1.226" /><testcase classname="tests.test_temp_password" name="test_regular_password_still_works_after_temp_generated" time="0.974" /><testcase classname="tests.test_temp_password" name="test_change_password_full_flow" time="3.280" /><testcase classname="tests.test_temp_password" name="test_regenerating_temp_invalidates_previous" time="2.065" /><testcase classname="tests.test_temp_password" name="test_expired_temp_password_returns_401" time="1.056" /><testcase classname="tests.test_temp_password" name="test_admin_users_list_has_temp_password_flag" time="0.767" /></testsuite></testsuites>