<?xml version="1.0" encoding="utf-8"?><testsuites name="pytest tests"><testsuite name="pytest" errors="0" failures="0" skipped="2" tests="15" time="9.590" timestamp="2026-08-02T14:19:26.178612+00:00" hostname="agent-env-daee1356-2a05-44c6-9634-97b532374730"><testcase classname="tests.test_virtual_cricket.TestMatchesList" name="test_three_concurrent_matches" time="0.436" /><testcase classname="tests.test_virtual_cricket.TestMatchesList" name="test_get_by_id" time="0.191" /><testcase classname="tests.test_virtual_cricket.TestMatchesList" name="test_get_by_bad_id" time="0.091" /><testcase classname="tests.test_virtual_cricket.TestMatchWinnerBet" name="test_place_mw_bet_and_appears_in_my_bets" time="0.583" /><testcase classname="tests.test_virtual_cricket.TestMatchWinnerBet" name="test_cashout_mw" time="0.483" /><testcase classname="tests.test_virtual_cricket.TestMatchWinnerBet" name="test_cashout_already_settled" time="0.094" /><testcase classname="tests.test_virtual_cricket.TestTossMarket" name="test_toss_bet_rejected_when_closed" time="0.194" /><testcase classname="tests.test_virtual_cricket.TestTotalRuns" name="test_place_over" time="0.202" /><testcase classname="tests.test_virtual_cricket.TestTotalRuns" name="test_invalid_selection" time="0.189" /><testcase classname="tests.test_virtual_cricket.TestTotalRuns" name="test_cashout_on_total_runs_rejected" time="0.094" /><testcase classname="tests.test_virtual_cricket.TestDynamicOdds" name="test_odds_change_over_time" time="5.358" /><testcase classname="tests.test_virtual_cricket.TestWebSocket" name="test_ws_receives_state_and_ball" time="0.540" /><testcase classname="tests.test_virtual_cricket.TestRegression" name="test_admin_login" time="0.000"><skipped type="pytest.skip" message="covered by module fixture — fresh login would break single-session token">/app/backend/tests/test_virtual_cricket.py:267: covered by module fixture — fresh login would break single-session token</skipped></testcase><testcase classname="tests.test_virtual_cricket.TestRegression" name="test_admin_games_status" time="0.094" /><testcase classname="tests.test_virtual_cricket.TestRegression" name="test_inplay" time="0.959"><skipped type="pytest.skip" message="CricAPI upstream blocked/rate-limited (502 at edge)">/app/backend/tests/test_virtual_cricket.py:279: CricAPI upstream blocked/rate-limited (502 at edge)</skipped></testcase></testsuite></testsuites>