<?xml version="1.0" encoding="utf-8"?><testsuites name="pytest tests"><testsuite name="pytest" errors="0" failures="0" skipped="5" tests="14" time="127.408" timestamp="2026-08-02T14:42:38.483848+00:00" hostname="agent-env-daee1356-2a05-44c6-9634-97b532374730"><testcase classname="tests.test_virtual_cricket.TestMatchesList" name="test_three_concurrent" time="0.608" /><testcase classname="tests.test_virtual_cricket.TestMatchesList" name="test_tour_type_rotation" time="0.139" /><testcase classname="tests.test_virtual_cricket.TestMatchesList" name="test_tour_filter_international" time="0.159" /><testcase classname="tests.test_virtual_cricket.TestMatchesList" name="test_tour_filter_domestic" time="0.138" /><testcase classname="tests.test_virtual_cricket.TestMatchesList" name="test_tour_filter_invalid_returns_all" time="0.126" /><testcase classname="tests.test_virtual_cricket.TestMatchesList" name="test_get_by_id" time="0.200" /><testcase classname="tests.test_virtual_cricket.TestMatchesList" name="test_get_by_bad_id" time="0.100" /><testcase classname="tests.test_virtual_cricket.TestTossMarketGating" name="test_toss_bet_allowed_in_pre_match" time="0.310" /><testcase classname="tests.test_virtual_cricket.TestTossMarketGating" name="test_toss_bet_rejected_when_not_pre_match" time="0.094"><skipped type="pytest.skip" message="no non-pre_match match right now">/app/backend/tests/test_virtual_cricket.py:141: no non-pre_match match right now</skipped></testcase><testcase classname="tests.test_virtual_cricket.TestMatchWinnerBet" name="test_place_mw_bet" time="62.105"><skipped type="pytest.skip" message="no innings-phase match available">/app/backend/tests/test_virtual_cricket.py:160: no innings-phase match available</skipped></testcase><testcase classname="tests.test_virtual_cricket.TestMatchWinnerBet" name="test_cashout_mw" time="0.000"><skipped type="pytest.skip" message="prev test did not stash bet">/app/backend/tests/test_virtual_cricket.py:184: prev test did not stash bet</skipped></testcase><testcase classname="tests.test_virtual_cricket.TestCommentaryFilter" name="test_only_current_and_previous_over" time="62.263"><skipped type="pytest.skip" message="no innings match with commentary available">/app/backend/tests/test_virtual_cricket.py:223: no innings match with commentary available</skipped></testcase><testcase classname="tests.test_virtual_cricket.TestRegression" name="test_admin_games_status" time="0.158" /><testcase classname="tests.test_virtual_cricket.TestRegression" name="test_inplay" time="0.932"><skipped type="pytest.skip" message="CricAPI upstream blocked (502)">/app/backend/tests/test_virtual_cricket.py:260: CricAPI upstream blocked (502)</skipped></testcase></testsuite></testsuites>